<?xml version="1.0" encoding="UTF-8"?>
<!-- Generated by org.testng.reporters.JUnitXMLReporter -->
<testsuite hostname="dharini-HP" ignored="2" name="Test-Runner-FireFox" tests="3" failures="0" timestamp="2021-08-24T17:31:04 IST" time="204.892" errors="0">
  <testcase name="@BeforeMethod configBM" time="0.006" classname="com.vtiger.comcast.genericUtility.BaseClass">
    <failure type="org.openqa.selenium.NoSuchSessionException" message="Session ID is null. Using WebDriver after calling quit()?
Build info: version: &amp;apos;3.141.59&amp;apos;, revision: &amp;apos;e82be7d358&amp;apos;, time: &amp;apos;2018-11-14T08:17:03&amp;apos;
System info: host: &amp;apos;DHARINI-HP&amp;apos;, ip: &amp;apos;192.168.64.1&amp;apos;, os.name: &amp;apos;Windows 10&amp;apos;, os.arch: &amp;apos;amd64&amp;apos;, os.version: &amp;apos;10.0&amp;apos;, java.version: &amp;apos;1.8.0_281&amp;apos;
Driver info: driver.version: RemoteWebDriver">
      <![CDATA[org.openqa.selenium.NoSuchSessionException: Session ID is null. Using WebDriver after calling quit()?
Build info: version: '3.141.59', revision: 'e82be7d358', time: '2018-11-14T08:17:03'
System info: host: 'DHARINI-HP', ip: '192.168.64.1', os.name: 'Windows 10', os.arch: 'amd64', os.version: '10.0', java.version: '1.8.0_281'
Driver info: driver.version: RemoteWebDriver
at org.openqa.selenium.remote.HttpCommandExecutor.execute(HttpCommandExecutor.java:125)
at org.openqa.selenium.remote.service.DriverCommandExecutor.execute(DriverCommandExecutor.java:83)
at org.openqa.selenium.remote.RemoteWebDriver.execute(RemoteWebDriver.java:552)
at org.openqa.selenium.remote.RemoteWebDriver.get(RemoteWebDriver.java:277)
at com.vtiger.comcast.genericUtility.BaseClass.configBM(BaseClass.java:54)
at java.util.ArrayList.forEach(ArrayList.java:1259)
at java.util.concurrent.FutureTask.run(FutureTask.java:266)
at java.util.concurrent.ThreadPoolExecutor.runWorker(ThreadPoolExecutor.java:1149)
at java.util.concurrent.ThreadPoolExecutor$Worker.run(ThreadPoolExecutor.java:624)
at java.lang.Thread.run(Thread.java:748)
... Removed 22 stack frames]]>
    </failure>
  </testcase> <!-- @BeforeMethod configBM -->
  <testcase name="@AfterMethod configAM" time="-1.629806364925E9" classname="com.vtiger.comcast.genericUtility.BaseClass">
    <skipped/>
  </testcase> <!-- @AfterMethod configAM -->
  <testcase name="@AfterClass configAC" time="-1.629806364938E9" classname="com.vtiger.comcast.genericUtility.BaseClass">
    <skipped/>
  </testcase> <!-- @AfterClass configAC -->
  <testcase name="SearchOrgByAssignToTest" time="23.637" classname="com.vtiger.comcast.organisationtest.SearchOrgTestNG"/>
  <testcase name="SearchOrgByRatingTest" time="0.0" classname="com.vtiger.comcast.organisationtest.SearchOrgTestNG">
    <skipped/>
  </testcase> <!-- SearchOrgByRatingTest -->
  <testcase name="selectOrgFromOrgList" time="48.893" classname="com.vtiger.comcast.organisationtest.SelectOrgFromOrgListTestNG"/>
  <testcase name="@BeforeSuite configBS" time="0.0" classname="com.vtiger.comcast.genericUtility.BaseClass">
    <ignored/>
  </testcase> <!-- @BeforeSuite configBS -->
  <testcase name="@AfterSuite configAS" time="0.0" classname="com.vtiger.comcast.genericUtility.BaseClass">
    <ignored/>
  </testcase> <!-- @AfterSuite configAS -->
</testsuite> <!-- Test-Runner-FireFox -->
