<?xml version="1.0" encoding="UTF-8"?>
<!-- Generated by org.testng.reporters.JUnitXMLReporter -->
<testsuite hostname="dharini-HP" ignored="2" name="FullRegressionTest" tests="3" failures="1" timestamp="2021-08-27T17:43:33 IST" time="281.77" errors="0">
  <testcase name="@BeforeMethod configBM" time="1.731" classname="com.vtiger.comcast.genericUtility.BaseClass">
    <failure type="org.openqa.selenium.NoSuchSessionException" message="Session ID is null. Using WebDriver after calling quit()?
Build info: version: &amp;apos;3.141.59&amp;apos;, revision: &amp;apos;e82be7d358&amp;apos;, time: &amp;apos;2018-11-14T08:17:03&amp;apos;
System info: host: &amp;apos;DHARINI-HP&amp;apos;, ip: &amp;apos;192.168.64.1&amp;apos;, os.name: &amp;apos;Windows 10&amp;apos;, os.arch: &amp;apos;amd64&amp;apos;, os.version: &amp;apos;10.0&amp;apos;, java.version: &amp;apos;1.8.0_281&amp;apos;
Driver info: driver.version: RemoteWebDriver">
      <![CDATA[org.openqa.selenium.NoSuchSessionException: Session ID is null. Using WebDriver after calling quit()?
Build info: version: '3.141.59', revision: 'e82be7d358', time: '2018-11-14T08:17:03'
System info: host: 'DHARINI-HP', ip: '192.168.64.1', os.name: 'Windows 10', os.arch: 'amd64', os.version: '10.0', java.version: '1.8.0_281'
Driver info: driver.version: RemoteWebDriver
at org.openqa.selenium.remote.HttpCommandExecutor.execute(HttpCommandExecutor.java:125)
at org.openqa.selenium.remote.service.DriverCommandExecutor.execute(DriverCommandExecutor.java:83)
at org.openqa.selenium.remote.RemoteWebDriver.execute(RemoteWebDriver.java:552)
at org.openqa.selenium.remote.RemoteWebDriver.get(RemoteWebDriver.java:277)
at com.vtiger.comcast.genericUtility.BaseClass.configBM(BaseClass.java:55)
at java.util.ArrayList.forEach(ArrayList.java:1259)
... Removed 34 stack frames]]>
    </failure>
  </testcase> <!-- @BeforeMethod configBM -->
  <testcase name="@AfterMethod configAM" time="-1.630066279341E9" classname="com.vtiger.comcast.genericUtility.BaseClass">
    <skipped/>
  </testcase> <!-- @AfterMethod configAM -->
  <testcase name="@AfterClass configAC" time="-1.630066279345E9" classname="com.vtiger.comcast.genericUtility.BaseClass">
    <skipped/>
  </testcase> <!-- @AfterClass configAC -->
  <testcase name="SearchOrgByAssignToTest" time="54.624" classname="com.vtiger.comcast.organisationtest.SearchOrgTest"/>
  <testcase name="SearchOrgByRatingTest" time="0.0" classname="com.vtiger.comcast.organisationtest.SearchOrgTest">
    <skipped/>
  </testcase> <!-- SearchOrgByRatingTest -->
  <testcase name="selectOrgFromOrgListTest" time="65.66" classname="com.vtiger.comcast.organisationtest.SelectOrgFromOrgListTest">
    <failure type="java.lang.AssertionError" message="expected [true] but found [false]">
      <![CDATA[java.lang.AssertionError: expected [true] but found [false]
at com.vtiger.comcast.organisationtest.SelectOrgFromOrgListTest.selectOrgFromOrgListTest(SelectOrgFromOrgListTest.java:34)
at java.util.ArrayList.forEach(ArrayList.java:1259)
... Removed 34 stack frames]]>
    </failure>
  </testcase> <!-- selectOrgFromOrgListTest -->
  <testcase name="@AfterSuite configAS" time="0.0" classname="com.vtiger.comcast.genericUtility.BaseClass">
    <ignored/>
  </testcase> <!-- @AfterSuite configAS -->
  <testcase name="@BeforeSuite configBS" time="0.0" classname="com.vtiger.comcast.genericUtility.BaseClass">
    <ignored/>
  </testcase> <!-- @BeforeSuite configBS -->
</testsuite> <!-- FullRegressionTest -->
