<?xml version="1.0" encoding="UTF-8"?>
<!-- Generated by org.testng.reporters.JUnitXMLReporter -->
<testsuite hostname="dharini-HP" ignored="3" name="regionalRegressionTest" tests="2" failures="1" timestamp="2021-08-27T17:28:25 IST" time="380.549" errors="0">
  <testcase name="SearchOrgByAssignToTest" time="95.382" classname="com.vtiger.comcast.organisationtest.SearchOrgTest"/>
  <testcase name="selectOrgFromOrgListTest" time="54.379" classname="com.vtiger.comcast.organisationtest.SelectOrgFromOrgListTest">
    <failure type="java.lang.AssertionError" message="expected [true] but found [false]">
      <![CDATA[java.lang.AssertionError: expected [true] but found [false]
at com.vtiger.comcast.organisationtest.SelectOrgFromOrgListTest.selectOrgFromOrgListTest(SelectOrgFromOrgListTest.java:34)
at java.util.ArrayList.forEach(ArrayList.java:1259)
... Removed 34 stack frames]]>
    </failure>
  </testcase> <!-- selectOrgFromOrgListTest -->
  <testcase name="@AfterSuite configAS" time="0.0" classname="com.vtiger.comcast.genericUtility.BaseClass">
    <ignored/>
  </testcase> <!-- @AfterSuite configAS -->
  <testcase name="SearchOrgByRatingTest" time="0.0" classname="com.vtiger.comcast.organisationtest.SearchOrgTest">
    <ignored/>
  </testcase> <!-- SearchOrgByRatingTest -->
  <testcase name="@BeforeSuite configBS" time="0.0" classname="com.vtiger.comcast.genericUtility.BaseClass">
    <ignored/>
  </testcase> <!-- @BeforeSuite configBS -->
</testsuite> <!-- regionalRegressionTest -->
